25/11/2014 04:34:47 p.m.;Comenzando Agente de Sincronizacion (Id:1)

25/11/2014 04:34:47 p.m.;Descargando Usuarios (Id:1)

25/11/2014 04:34:47 p.m.;Descargando Ramos Comerciales (Id:1)

25/11/2014 04:34:47 p.m.;Usuarios descargados con exito (Id:1)

25/11/2014 04:34:47 p.m.;Ramos Comerciales descargados con exito (Id:1)

25/11/2014 05:15:05 p.m.;Comenzando Agente de Sincronizacion (Id:1)

25/11/2014 05:15:05 p.m.;Descargando Usuarios (Id:1)

25/11/2014 05:15:05 p.m.;Descargando Ramos Comerciales (Id:1)

25/11/2014 05:15:11 p.m.;Descargando Entes Comerciales (Id:1)

25/11/2014 05:15:11 p.m.;Usuarios descargados con exito (Id:1)

25/11/2014 05:15:11 p.m.;Ramos Comerciales descargados con exito (Id:1)

25/11/2014 05:15:11 p.m.;Entes Comerciales descargados con exito (Id:1)

25/11/2014 05:26:18 p.m.;Comenzando Agente de Sincronizacion (Id:1)

25/11/2014 05:26:18 p.m.;Descargando Usuarios (Id:1)

25/11/2014 05:26:19 p.m.;Descargando Ramos Comerciales (Id:1)

25/11/2014 05:26:19 p.m.;Descargando Entes Comerciales (Id:1)

25/11/2014 05:26:19 p.m.;Ramos Comerciales descargados con exito (Id:1)

25/11/2014 05:26:19 p.m.;Entes Comerciales descargados con exito (Id:1)

25/11/2014 05:26:26 p.m.;Usuarios descargados con exito (Id:1)

25/11/2014 05:26:26 p.m.;Descargando Recurso de ftp (Id:1) http://cuponexpress.com.ve

25/11/2014 05:26:35 p.m.;Descargando Recurso de ftp (Id:1) http://cuponexpress.com.ve/uploads/client/logo/1/LOGO_CLUB_HOUSE.jpg

25/11/2014 05:26:35 p.m.;Descargando Recurso de ftp (Id:1) http://cuponexpress.com.ve/uploads/client/logo/2/Copyxpress.jpg

25/11/2014 05:26:35 p.m.;Descargando Recurso de ftp (Id:1) http://cuponexpress.com.ve/uploads/client/logo/3/LOGO_SPAMANOS.jpg

25/11/2014 05:26:36 p.m.;Descargando Recurso de ftp (Id:1) http://cuponexpress.com.ve/uploads/client/logo/4/ByB.jpg

25/11/2014 05:28:29 p.m.;Comenzando Agente de Sincronizacion (Id:1)

25/11/2014 05:28:29 p.m.;Descargando Usuarios (Id:1)

25/11/2014 05:28:29 p.m.;Descargando Ramos Comerciales (Id:1)

25/11/2014 05:28:29 p.m.;Descargando Entes Comerciales (Id:1)

25/11/2014 05:28:30 p.m.;Usuarios descargados con exito (Id:1)

25/11/2014 05:28:30 p.m.;Ramos Comerciales descargados con exito (Id:1)

25/11/2014 05:28:30 p.m.;Entes Comerciales descargados con exito (Id:1)

25/11/2014 05:31:52 p.m.;Comenzando Agente de Sincronizacion (Id:1)

25/11/2014 05:31:52 p.m.;Descargando Usuarios (Id:1)

25/11/2014 05:31:52 p.m.;Descargando Ramos Comerciales (Id:1)

25/11/2014 05:31:52 p.m.;Descargando Entes Comerciales (Id:1)

25/11/2014 05:31:53 p.m.;Usuarios descargados con exito (Id:1)

25/11/2014 05:31:53 p.m.;Ramos Comerciales descargados con exito (Id:1)

25/11/2014 05:31:53 p.m.;Entes Comerciales descargados con exito (Id:1)

25/11/2014 05:33:11 p.m.;Comenzando Agente de Sincronizacion (Id:1)

25/11/2014 05:33:11 p.m.;Descargando Usuarios (Id:1)

25/11/2014 05:33:11 p.m.;Descargando Ramos Comerciales (Id:1)

25/11/2014 05:33:11 p.m.;Descargando Entes Comerciales (Id:1)

25/11/2014 05:33:11 p.m.;Usuarios descargados con exito (Id:1)

25/11/2014 05:33:11 p.m.;Ramos Comerciales descargados con exito (Id:1)

25/11/2014 05:33:11 p.m.;Entes Comerciales descargados con exito (Id:1)

25/11/2014 05:35:46 p.m.;Comenzando Agente de Sincronizacion (Id:1)

25/11/2014 05:35:46 p.m.;Descargando Usuarios (Id:1)

25/11/2014 05:35:46 p.m.;Descargando Ramos Comerciales (Id:1)

25/11/2014 05:35:46 p.m.;Descargando Entes Comerciales (Id:1)

25/11/2014 05:35:46 p.m.;Usuarios descargados con exito (Id:1)

25/11/2014 05:35:46 p.m.;Ramos Comerciales descargados con exito (Id:1)

25/11/2014 05:35:46 p.m.;Entes Comerciales descargados con exito (Id:1)

25/11/2014 05:36:24 p.m.;Comenzando Agente de Sincronizacion (Id:1)

25/11/2014 05:36:24 p.m.;Descargando Usuarios (Id:1)

25/11/2014 05:36:24 p.m.;Descargando Ramos Comerciales (Id:1)

25/11/2014 05:36:24 p.m.;Descargando Entes Comerciales (Id:1)

25/11/2014 05:36:24 p.m.;Usuarios descargados con exito (Id:1)

25/11/2014 05:36:24 p.m.;Ramos Comerciales descargados con exito (Id:1)

25/11/2014 05:36:24 p.m.;Entes Comerciales descargados con exito (Id:1)

25/11/2014 05:36:41 p.m.;Descargando Recurso de ftp (Id:1) http://cuponexpress.com.ve/uploads/client/logo/2/Copyxpress.jpg

25/11/2014 05:36:54 p.m.;Descargando Recurso de ftp (Id:1) http://cuponexpress.com.ve/uploads/client/logo/4/ByB.jpg

25/11/2014 05:41:24 p.m.;Comenzando Agente de Sincronizacion (Id:2)

25/11/2014 05:41:24 p.m.;Descargando Usuarios (Id:2)

25/11/2014 05:41:24 p.m.;Descargando Ramos Comerciales (Id:2)

25/11/2014 05:41:24 p.m.;Descargando Entes Comerciales (Id:2)

25/11/2014 05:41:24 p.m.;Usuarios descargados con exito (Id:2)

25/11/2014 05:41:24 p.m.;Entes Comerciales descargados con exito (Id:2)

25/11/2014 05:41:24 p.m.;Ramos Comerciales descargados con exito (Id:2)

25/11/2014 05:41:24 p.m.;Descargando Recurso de ftp (Id:2) http://cuponexpress.com.ve/uploads/client/logo/1/LOGO_CLUB_HOUSE.jpg

25/11/2014 05:41:24 p.m.;Descargando Recurso de ftp (Id:2) http://cuponexpress.com.ve/uploads/category/image/1/Categoria_Restaurante.jpg

25/11/2014 05:41:24 p.m.;Descargando Recurso de ftp (Id:2) http://cuponexpress.com.ve/uploads/client/logo/2/Copyxpress.jpg

25/11/2014 05:41:24 p.m.;Descargando Recurso de ftp (Id:2) http://cuponexpress.com.ve/uploads/category/image/2/rop__y_calzado.jpg

25/11/2014 05:41:24 p.m.;Descargando Recurso de ftp (Id:2) http://cuponexpress.com.ve/uploads/client/logo/3/LOGO_SPAMANOS.jpg

25/11/2014 05:41:25 p.m.;Descargando Recurso de ftp (Id:2) http://cuponexpress.com.ve/uploads/client/logo/4/ByB.jpg

25/11/2014 05:41:25 p.m.;Descargando Recurso de ftp (Id:2) http://cuponexpress.com.ve/uploads/category/image/3/servicos.jpg

25/11/2014 05:41:25 p.m.;Descargando Recurso de ftp (Id:2) http://cuponexpress.com.ve/uploads/category/image/4/belleza_y_bienestar.jpg

26/11/2014 11:12:21 a.m.;Comenzando Agente de Sincronizacion (Id:1)

26/11/2014 11:12:23 a.m.;Descargando Usuarios (Id:1)

26/11/2014 11:12:23 a.m.;Descargando Ramos Comerciales (Id:1)

26/11/2014 11:12:23 a.m.;Descargando Entes Comerciales (Id:1)

26/11/2014 11:12:27 a.m.;Usuarios descargados con exito (Id:1)

26/11/2014 11:12:27 a.m.;Ramos Comerciales descargados con exito (Id:1)

26/11/2014 11:12:27 a.m.;Entes Comerciales descargados con exito (Id:1)

26/11/2014 11:14:48 a.m.;Comenzando Agente de Sincronizacion (Id:1)

26/11/2014 11:14:48 a.m.;Descargando Usuarios (Id:1)

26/11/2014 11:14:48 a.m.;Descargando Ramos Comerciales (Id:1)

26/11/2014 11:14:48 a.m.;Usuarios descargados con exito (Id:1)

26/11/2014 11:14:48 a.m.;Ramos Comerciales descargados con exito (Id:1)

26/11/2014 11:14:49 a.m.;Descargando Entes Comerciales (Id:1)

26/11/2014 11:14:49 a.m.;Entes Comerciales descargados con exito (Id:1)

26/11/2014 11:17:54 a.m.;Comenzando Agente de Sincronizacion (Id:1)

26/11/2014 11:17:55 a.m.;Descargando Usuarios (Id:1)

26/11/2014 11:17:55 a.m.;Descargando Ramos Comerciales (Id:1)

26/11/2014 11:17:55 a.m.;Usuarios descargados con exito (Id:1)

26/11/2014 11:17:55 a.m.;Ramos Comerciales descargados con exito (Id:1)

26/11/2014 11:17:55 a.m.;Descargando Entes Comerciales (Id:1)

26/11/2014 11:17:55 a.m.;Entes Comerciales descargados con exito (Id:1)

26/11/2014 11:21:14 a.m.;Comenzando Agente de Sincronizacion (Id:1)

26/11/2014 11:21:14 a.m.;Descargando Usuarios (Id:1)

26/11/2014 11:21:14 a.m.;Descargando Ramos Comerciales (Id:1)

26/11/2014 11:21:14 a.m.;Usuarios descargados con exito (Id:1)

26/11/2014 11:21:14 a.m.;Ramos Comerciales descargados con exito (Id:1)

26/11/2014 11:21:14 a.m.;Descargando Entes Comerciales (Id:1)

26/11/2014 11:21:15 a.m.;Entes Comerciales descargados con exito (Id:1)

26/11/2014 11:29:01 a.m.;Comenzando Agente de Sincronizacion (Id:1)

26/11/2014 11:29:01 a.m.;Descargando Usuarios (Id:1)

26/11/2014 11:29:01 a.m.;Descargando Ramos Comerciales (Id:1)

26/11/2014 11:29:02 a.m.;Usuarios descargados con exito (Id:1)

26/11/2014 11:29:02 a.m.;Ramos Comerciales descargados con exito (Id:1)

26/11/2014 11:29:02 a.m.;Descargando Entes Comerciales (Id:1)

26/11/2014 11:29:02 a.m.;Entes Comerciales descargados con exito (Id:1)

26/11/2014 11:29:49 a.m.;Comenzando Agente de Sincronizacion (Id:1)

26/11/2014 11:29:49 a.m.;Descargando Usuarios (Id:1)

26/11/2014 11:29:49 a.m.;Descargando Ramos Comerciales (Id:1)

26/11/2014 11:29:49 a.m.;Usuarios descargados con exito (Id:1)

26/11/2014 11:29:49 a.m.;Ramos Comerciales descargados con exito (Id:1)

26/11/2014 11:29:49 a.m.;Descargando Entes Comerciales (Id:1)

26/11/2014 11:29:50 a.m.;Entes Comerciales descargados con exito (Id:1)

26/11/2014 11:33:23 a.m.;Comenzando Agente de Sincronizacion (Id:1)

26/11/2014 11:33:23 a.m.;Descargando Usuarios (Id:1)

26/11/2014 11:33:23 a.m.;Descargando Ramos Comerciales (Id:1)

26/11/2014 11:33:24 a.m.;Usuarios descargados con exito (Id:1)

26/11/2014 11:33:24 a.m.;Ramos Comerciales descargados con exito (Id:1)

26/11/2014 11:33:24 a.m.;Descargando Entes Comerciales (Id:1)

26/11/2014 11:33:24 a.m.;Entes Comerciales descargados con exito (Id:1)

26/11/2014 11:35:18 a.m.;Comenzando Agente de Sincronizacion (Id:1)

26/11/2014 11:35:18 a.m.;Descargando Usuarios (Id:1)

26/11/2014 11:35:18 a.m.;Descargando Ramos Comerciales (Id:1)

26/11/2014 11:35:19 a.m.;Usuarios descargados con exito (Id:1)

26/11/2014 11:35:19 a.m.;Ramos Comerciales descargados con exito (Id:1)

26/11/2014 11:35:19 a.m.;Descargando Entes Comerciales (Id:1)

26/11/2014 11:35:20 a.m.;Entes Comerciales descargados con exito (Id:1)

26/11/2014 11:37:45 a.m.;Comenzando Agente de Sincronizacion (Id:1)

26/11/2014 11:37:45 a.m.;Descargando Usuarios (Id:1)

26/11/2014 11:37:45 a.m.;Descargando Ramos Comerciales (Id:1)

26/11/2014 11:37:48 a.m.;Usuarios descargados con exito (Id:1)

26/11/2014 11:37:48 a.m.;Ramos Comerciales descargados con exito (Id:1)

26/11/2014 11:37:48 a.m.;Descargando Entes Comerciales (Id:1)

26/11/2014 11:37:50 a.m.;Entes Comerciales descargados con exito (Id:1)

26/11/2014 11:44:56 a.m.;Comenzando Agente de Sincronizacion (Id:1)

26/11/2014 11:44:56 a.m.;Descargando Usuarios (Id:1)

26/11/2014 11:44:56 a.m.;Descargando Ramos Comerciales (Id:1)

26/11/2014 11:44:57 a.m.;Usuarios descargados con exito (Id:1)

26/11/2014 11:44:57 a.m.;Ramos Comerciales descargados con exito (Id:1)

26/11/2014 11:44:57 a.m.;Descargando Entes Comerciales (Id:1)

26/11/2014 11:44:58 a.m.;Entes Comerciales descargados con exito (Id:1)

26/11/2014 11:57:24 a.m.;Comenzando Agente de Sincronizacion (Id:1)

26/11/2014 11:57:24 a.m.;Descargando Usuarios (Id:1)

26/11/2014 11:57:24 a.m.;Descargando Ramos Comerciales (Id:1)

26/11/2014 11:57:25 a.m.;Usuarios descargados con exito (Id:1)

26/11/2014 11:57:25 a.m.;Ramos Comerciales descargados con exito (Id:1)

26/11/2014 11:57:25 a.m.;Descargando Entes Comerciales (Id:1)

26/11/2014 11:57:25 a.m.;Entes Comerciales descargados con exito (Id:1)

26/11/2014 12:01:24 p.m.;Comenzando Agente de Sincronizacion (Id:1)

26/11/2014 12:01:24 p.m.;Descargando Usuarios (Id:1)

26/11/2014 12:01:24 p.m.;Descargando Ramos Comerciales (Id:1)

26/11/2014 12:01:24 p.m.;Usuarios descargados con exito (Id:1)

26/11/2014 12:01:24 p.m.;Ramos Comerciales descargados con exito (Id:1)

26/11/2014 12:01:24 p.m.;Descargando Entes Comerciales (Id:1)

26/11/2014 12:01:24 p.m.;Entes Comerciales descargados con exito (Id:1)

26/11/2014 12:04:13 p.m.;Comenzando Agente de Sincronizacion (Id:1)

26/11/2014 12:04:13 p.m.;Descargando Usuarios (Id:1)

26/11/2014 12:04:13 p.m.;Descargando Ramos Comerciales (Id:1)

26/11/2014 12:04:14 p.m.;Usuarios descargados con exito (Id:1)

26/11/2014 12:04:16 p.m.;Ramos Comerciales descargados con exito (Id:1)

26/11/2014 12:04:16 p.m.;Descargando Entes Comerciales (Id:1)

26/11/2014 12:04:18 p.m.;Entes Comerciales descargados con exito (Id:1)

26/11/2014 12:10:53 p.m.;Comenzando Agente de Sincronizacion (Id:1)

26/11/2014 12:10:53 p.m.;Descargando Usuarios (Id:1)

26/11/2014 12:10:53 p.m.;Descargando Ramos Comerciales (Id:1)

26/11/2014 12:10:54 p.m.;Usuarios descargados con exito (Id:1)

26/11/2014 12:10:54 p.m.;Ramos Comerciales descargados con exito (Id:1)

26/11/2014 12:10:54 p.m.;Descargando Entes Comerciales (Id:1)

26/11/2014 12:10:55 p.m.;Entes Comerciales descargados con exito (Id:1)

26/11/2014 12:12:52 p.m.;Comenzando Agente de Sincronizacion (Id:1)

26/11/2014 12:12:52 p.m.;Descargando Usuarios (Id:1)

26/11/2014 12:12:52 p.m.;Descargando Ramos Comerciales (Id:1)

26/11/2014 12:12:53 p.m.;Usuarios descargados con exito (Id:1)

26/11/2014 12:12:53 p.m.;Ramos Comerciales descargados con exito (Id:1)

26/11/2014 12:12:53 p.m.;Descargando Entes Comerciales (Id:1)

26/11/2014 12:12:53 p.m.;Entes Comerciales descargados con exito (Id:1)

26/11/2014 12:54:02 p.m.;Comenzando Agente de Sincronizacion (Id:1)

26/11/2014 12:54:02 p.m.;Descargando Usuarios (Id:1)

26/11/2014 12:54:02 p.m.;Descargando Ramos Comerciales (Id:1)

26/11/2014 12:54:02 p.m.;Usuarios descargados con exito (Id:1)

26/11/2014 12:54:02 p.m.;Ramos Comerciales descargados con exito (Id:1)

26/11/2014 12:54:03 p.m.;Descargando Recurso de ftp (Id:1) http://cuponexpress.com.ve/uploads/category/image/1/Categoria_Restaurante.jpg

26/11/2014 12:54:03 p.m.;Descargando Recurso de ftp (Id:1) http://cuponexpress.com.ve/uploads/category/image/2/rop__y_calzado.jpg

26/11/2014 12:54:04 p.m.;Descargando Recurso de ftp (Id:1) http://cuponexpress.com.ve/uploads/category/image/3/servicos.jpg

26/11/2014 12:54:04 p.m.;Descargando Recurso de ftp (Id:1) http://cuponexpress.com.ve/uploads/category/image/4/belleza_y_bienestar.jpg

26/11/2014 12:54:04 p.m.;Descargando Entes Comerciales (Id:1)

26/11/2014 12:54:04 p.m.;Entes Comerciales descargados con exito (Id:1)

26/11/2014 12:54:05 p.m.;Descargando Recurso de ftp (Id:1) http://cuponexpress.com.ve/uploads/client/logo/1/LOGO_CLUB_HOUSE.jpg

26/11/2014 12:54:05 p.m.;Descargando Recurso de ftp (Id:1) http://cuponexpress.com.ve/uploads/client/logo/2/Copyxpress.jpg

26/11/2014 12:54:05 p.m.;Descargando Recurso de ftp (Id:1) http://cuponexpress.com.ve/uploads/client/logo/3/LOGO_SPAMANOS.jpg

26/11/2014 12:54:05 p.m.;Descargando Recurso de ftp (Id:1) http://cuponexpress.com.ve/uploads/client/logo/4/ByB.jpg

26/11/2014 03:21:00 p.m.;Comenzando Agente de Sincronizacion (Id:1)

26/11/2014 03:21:03 p.m.;Descargando Usuarios (Id:1)

26/11/2014 03:21:03 p.m.;Descargando Ramos Comerciales (Id:1)

26/11/2014 03:21:18 p.m.;Usuarios descargados con exito (Id:1)

26/11/2014 03:21:18 p.m.;Ramos Comerciales descargados con exito (Id:1)

26/11/2014 03:21:18 p.m.;Descargando Entes Comerciales (Id:1)

26/11/2014 03:26:45 p.m.;Comenzando Agente de Sincronizacion (Id:1)

26/11/2014 03:26:45 p.m.;Descargando Usuarios (Id:1)

26/11/2014 03:26:45 p.m.;Descargando Ramos Comerciales (Id:1)

26/11/2014 03:26:45 p.m.;Usuarios descargados con exito (Id:1)

26/11/2014 03:26:46 p.m.;Ramos Comerciales descargados con exito (Id:1)

26/11/2014 03:26:46 p.m.;Descargando Entes Comerciales (Id:1)

26/11/2014 03:26:46 p.m.;Entes Comerciales descargados con exito (Id:1)

26/11/2014 03:27:56 p.m.;Comenzando Agente de Sincronizacion (Id:1)

26/11/2014 03:27:56 p.m.;Descargando Usuarios (Id:1)

26/11/2014 03:27:56 p.m.;Descargando Ramos Comerciales (Id:1)

26/11/2014 03:27:57 p.m.;Usuarios descargados con exito (Id:1)

26/11/2014 03:27:57 p.m.;Ramos Comerciales descargados con exito (Id:1)

26/11/2014 03:27:57 p.m.;Descargando Entes Comerciales (Id:1)

26/11/2014 03:27:58 p.m.;Entes Comerciales descargados con exito (Id:1)

26/11/2014 03:29:47 p.m.;Comenzando Agente de Sincronizacion (Id:1)

26/11/2014 03:29:47 p.m.;Descargando Usuarios (Id:1)

26/11/2014 03:29:47 p.m.;Descargando Ramos Comerciales (Id:1)

26/11/2014 03:29:47 p.m.;Usuarios descargados con exito (Id:1)

26/11/2014 03:29:47 p.m.;Ramos Comerciales descargados con exito (Id:1)

26/11/2014 03:29:47 p.m.;Descargando Entes Comerciales (Id:1)

26/11/2014 03:30:19 p.m.;Entes Comerciales descargados con exito (Id:1)

26/11/2014 03:31:05 p.m.;Comenzando Agente de Sincronizacion (Id:1)

26/11/2014 03:31:05 p.m.;Descargando Usuarios (Id:1)

26/11/2014 03:31:05 p.m.;Descargando Ramos Comerciales (Id:1)

26/11/2014 03:31:05 p.m.;Usuarios descargados con exito (Id:1)

26/11/2014 03:31:05 p.m.;Ramos Comerciales descargados con exito (Id:1)

26/11/2014 03:31:05 p.m.;Descargando Entes Comerciales (Id:1)

26/11/2014 03:31:06 p.m.;Entes Comerciales descargados con exito (Id:1)

26/11/2014 04:20:04 p.m.;Comenzando Agente de Sincronizacion (Id:1)

26/11/2014 04:20:04 p.m.;Descargando Usuarios (Id:1)

26/11/2014 04:20:04 p.m.;Descargando Ramos Comerciales (Id:1)

26/11/2014 04:20:06 p.m.;Ramos Comerciales descargados con exito (Id:1)

26/11/2014 04:20:06 p.m.;Descargando Entes Comerciales (Id:1)

26/11/2014 04:20:06 p.m.;Entes Comerciales descargados con exito (Id:1)

26/11/2014 04:20:37 p.m.;Usuarios descargados con exito (Id:1)

26/11/2014 04:23:39 p.m.;Comenzando Agente de Sincronizacion (Id:1)

26/11/2014 04:23:39 p.m.;Descargando Usuarios (Id:1)

26/11/2014 04:23:39 p.m.;Descargando Ramos Comerciales (Id:1)

26/11/2014 04:23:40 p.m.;Ramos Comerciales descargados con exito (Id:1)

26/11/2014 04:23:40 p.m.;Descargando Entes Comerciales (Id:1)

26/11/2014 04:23:40 p.m.;Usuarios descargados con exito (Id:1)

26/11/2014 04:23:42 p.m.;Entes Comerciales descargados con exito (Id:1)

26/11/2014 04:27:41 p.m.;Comenzando Agente de Sincronizacion (Id:1)

26/11/2014 04:27:41 p.m.;Descargando Usuarios (Id:1)

26/11/2014 04:27:41 p.m.;Descargando Ramos Comerciales (Id:1)

26/11/2014 04:27:42 p.m.;Usuarios descargados con exito (Id:1)

26/11/2014 04:27:42 p.m.;Ramos Comerciales descargados con exito (Id:1)

26/11/2014 04:27:42 p.m.;Descargando Entes Comerciales (Id:1)

26/11/2014 04:27:43 p.m.;Entes Comerciales descargados con exito (Id:1)

26/11/2014 04:32:41 p.m.;Comenzando Agente de Sincronizacion (Id:2)

26/11/2014 04:32:41 p.m.;Descargando Usuarios (Id:2)

26/11/2014 04:32:41 p.m.;Descargando Ramos Comerciales (Id:2)

26/11/2014 04:32:42 p.m.;Ramos Comerciales descargados con exito (Id:2)

26/11/2014 04:32:42 p.m.;Usuarios descargados con exito (Id:2)

26/11/2014 04:32:42 p.m.;Descargando Entes Comerciales (Id:2)

26/11/2014 04:32:42 p.m.;Entes Comerciales descargados con exito (Id:2)

26/11/2014 04:36:29 p.m.;Comenzando Agente de Sincronizacion (Id:1)

26/11/2014 04:36:29 p.m.;Descargando Usuarios (Id:1)

26/11/2014 04:36:29 p.m.;Descargando Ramos Comerciales (Id:1)

26/11/2014 04:36:29 p.m.;Usuarios descargados con exito (Id:1)

26/11/2014 04:36:29 p.m.;Ramos Comerciales descargados con exito (Id:1)

26/11/2014 04:36:29 p.m.;Descargando Entes Comerciales (Id:1)

26/11/2014 04:36:29 p.m.;Entes Comerciales descargados con exito (Id:1)

26/11/2014 04:39:46 p.m.;Comenzando Agente de Sincronizacion (Id:1)

26/11/2014 04:39:46 p.m.;Descargando Usuarios (Id:1)

26/11/2014 04:39:46 p.m.;Descargando Ramos Comerciales (Id:1)

26/11/2014 04:39:47 p.m.;Usuarios descargados con exito (Id:1)

26/11/2014 04:39:47 p.m.;Ramos Comerciales descargados con exito (Id:1)

26/11/2014 04:39:47 p.m.;Descargando Entes Comerciales (Id:1)

26/11/2014 04:39:47 p.m.;Entes Comerciales descargados con exito (Id:1)

26/11/2014 04:44:46 p.m.;Comenzando Agente de Sincronizacion (Id:2)

26/11/2014 04:44:46 p.m.;Descargando Usuarios (Id:2)

26/11/2014 04:44:46 p.m.;Descargando Ramos Comerciales (Id:2)

26/11/2014 04:44:46 p.m.;Usuarios descargados con exito (Id:2)

26/11/2014 04:44:46 p.m.;Ramos Comerciales descargados con exito (Id:2)

26/11/2014 04:44:46 p.m.;Descargando Entes Comerciales (Id:2)

26/11/2014 04:44:47 p.m.;Entes Comerciales descargados con exito (Id:2)

26/11/2014 04:49:46 p.m.;Comenzando Agente de Sincronizacion (Id:3)

26/11/2014 04:49:46 p.m.;Descargando Usuarios (Id:3)

26/11/2014 04:49:46 p.m.;Descargando Ramos Comerciales (Id:3)

26/11/2014 04:49:46 p.m.;Ramos Comerciales descargados con exito (Id:3)

26/11/2014 04:49:46 p.m.;Usuarios descargados con exito (Id:3)

26/11/2014 04:49:46 p.m.;Descargando Entes Comerciales (Id:3)

26/11/2014 04:49:47 p.m.;Entes Comerciales descargados con exito (Id:3)

04/12/2014 12:02:32 p.m.;Comenzando Agente de Sincronizacion (Id:1)

04/12/2014 12:02:33 p.m.;Descargando Usuarios (Id:1)

04/12/2014 12:02:33 p.m.;Descargando Ramos Comerciales (Id:1)

04/12/2014 12:02:36 p.m.;Ramos Comerciales descargados con exito (Id:1)

04/12/2014 12:02:36 p.m.;Descargando Entes Comerciales (Id:1)

04/12/2014 12:02:37 p.m.;Usuarios descargados con exito (Id:1)

04/12/2014 12:02:38 p.m.;Entes Comerciales descargados con exito (Id:1)

04/12/2014 12:02:38 p.m.;Descargando Kiosko Promociones (Id:1)

04/12/2014 12:02:38 p.m.;Kiosko Promociones descargados con exito (Id:1)

04/12/2014 12:05:15 p.m.;Comenzando Agente de Sincronizacion (Id:1)

04/12/2014 12:05:15 p.m.;Descargando Usuarios (Id:1)

04/12/2014 12:05:15 p.m.;Descargando Ramos Comerciales (Id:1)

04/12/2014 12:05:16 p.m.;Usuarios descargados con exito (Id:1)

04/12/2014 12:05:16 p.m.;Ramos Comerciales descargados con exito (Id:1)

04/12/2014 12:05:16 p.m.;Descargando Entes Comerciales (Id:1)

04/12/2014 12:05:16 p.m.;Entes Comerciales descargados con exito (Id:1)

04/12/2014 12:05:16 p.m.;Descargando Kiosko Promociones (Id:1)

04/12/2014 12:05:17 p.m.;Kiosko Promociones descargados con exito (Id:1)

04/12/2014 12:10:15 p.m.;Comenzando Agente de Sincronizacion (Id:2)

04/12/2014 12:10:15 p.m.;Descargando Usuarios (Id:2)

04/12/2014 12:10:15 p.m.;Descargando Ramos Comerciales (Id:2)

04/12/2014 12:10:15 p.m.;Usuarios descargados con exito (Id:2)

04/12/2014 12:10:15 p.m.;Ramos Comerciales descargados con exito (Id:2)

04/12/2014 12:10:16 p.m.;Descargando Entes Comerciales (Id:2)

04/12/2014 12:10:16 p.m.;Entes Comerciales descargados con exito (Id:2)

04/12/2014 12:10:16 p.m.;Descargando Kiosko Promociones (Id:2)

04/12/2014 12:10:16 p.m.;Kiosko Promociones descargados con exito (Id:2)

04/12/2014 12:48:46 p.m.;Comenzando Agente de Sincronizacion (Id:1)

04/12/2014 12:48:46 p.m.;Descargando Usuarios (Id:1)

04/12/2014 12:48:46 p.m.;Descargando Ramos Comerciales (Id:1)

04/12/2014 12:48:47 p.m.;Usuarios descargados con exito (Id:1)

04/12/2014 12:48:47 p.m.;Ramos Comerciales descargados con exito (Id:1)

04/12/2014 12:48:47 p.m.;Descargando Entes Comerciales (Id:1)

04/12/2014 12:48:48 p.m.;Entes Comerciales descargados con exito (Id:1)

04/12/2014 12:48:48 p.m.;Descargando Kiosko Promociones (Id:1)

04/12/2014 12:48:48 p.m.;Kiosko Promociones descargados con exito (Id:1)

04/12/2014 12:49:20 p.m.;Descargando Kiosko Promociones Detalle (Id:1)(CodigoPromocion:1)

04/12/2014 12:49:21 p.m.;Descargando Kiosko Promociones Detalle (Id:1)(CodigoPromocion:2)

04/12/2014 12:49:23 p.m.;Descargando Kiosko Promociones Detalle (Id:1)(CodigoPromocion:3)

04/12/2014 12:50:21 p.m.;Comenzando Agente de Sincronizacion (Id:1)

04/12/2014 12:50:21 p.m.;Descargando Usuarios (Id:1)

04/12/2014 12:50:21 p.m.;Descargando Ramos Comerciales (Id:1)

04/12/2014 12:50:22 p.m.;Usuarios descargados con exito (Id:1)

04/12/2014 12:50:22 p.m.;Ramos Comerciales descargados con exito (Id:1)

04/12/2014 12:50:22 p.m.;Descargando Entes Comerciales (Id:1)

04/12/2014 12:50:22 p.m.;Entes Comerciales descargados con exito (Id:1)

04/12/2014 12:50:22 p.m.;Descargando Kiosko Promociones (Id:1)

04/12/2014 12:50:22 p.m.;Kiosko Promociones descargados con exito (Id:1)

04/12/2014 12:50:33 p.m.;Descargando Kiosko Promociones Detalle (Id:1)(CodigoPromocion:1)

04/12/2014 12:50:36 p.m.;Descargando Kiosko Promociones Detalle (Id:1)(CodigoPromocion:2)

04/12/2014 12:50:37 p.m.;Descargando Kiosko Promociones Detalle (Id:1)(CodigoPromocion:3)

04/12/2014 12:50:37 p.m.;Kiosko Promocion Detalle (Id:1)(CodigoPromocion:2) descargado con exito.

04/12/2014 12:50:37 p.m.;Kiosko Promocion Detalle (Id:1)(CodigoPromocion:1) descargado con exito.

04/12/2014 12:50:46 p.m.;Kiosko Promocion Detalle (Id:1)(CodigoPromocion:3) descargado con exito.

04/12/2014 03:29:29 p.m.;Comenzando Agente de Sincronizacion (Id:1)

04/12/2014 03:29:31 p.m.;Descargando Usuarios (Id:1)

04/12/2014 03:29:31 p.m.;Descargando Ramos Comerciales (Id:1)

04/12/2014 03:29:34 p.m.;Usuarios descargados con exito (Id:1)

04/12/2014 03:29:34 p.m.;Ramos Comerciales descargados con exito (Id:1)

04/12/2014 03:29:34 p.m.;Descargando Entes Comerciales (Id:1)

04/12/2014 03:29:35 p.m.;Entes Comerciales descargados con exito (Id:1)

04/12/2014 03:29:35 p.m.;Descargando Kiosko Promociones (Id:1)

04/12/2014 03:29:35 p.m.;Kiosko Promociones descargados con exito (Id:1)

04/12/2014 03:29:49 p.m.;Descargando Kiosko Promociones Detalle (Id:1)(CodigoPromocion:1)

04/12/2014 03:29:50 p.m.;Descargando Kiosko Promociones Detalle (Id:1)(CodigoPromocion:2)

04/12/2014 03:29:51 p.m.;Descargando Kiosko Promociones Detalle (Id:1)(CodigoPromocion:3)

04/12/2014 03:29:51 p.m.;Kiosko Promocion Detalle (Id:1)(CodigoPromocion:2) descargado con exito.

04/12/2014 03:29:51 p.m.;Kiosko Promocion Detalle (Id:1)(CodigoPromocion:1) descargado con exito.

04/12/2014 03:29:58 p.m.;Kiosko Promocion Detalle (Id:1)(CodigoPromocion:3) descargado con exito.

04/12/2014 03:35:22 p.m.;Comenzando Agente de Sincronizacion (Id:1)

04/12/2014 03:35:22 p.m.;Descargando Usuarios (Id:1)

04/12/2014 03:35:22 p.m.;Descargando Ramos Comerciales (Id:1)

04/12/2014 03:35:22 p.m.;Usuarios descargados con exito (Id:1)

04/12/2014 03:35:22 p.m.;Ramos Comerciales descargados con exito (Id:1)

04/12/2014 03:35:22 p.m.;Descargando Entes Comerciales (Id:1)

04/12/2014 03:35:23 p.m.;Entes Comerciales descargados con exito (Id:1)

04/12/2014 03:35:23 p.m.;Descargando Kiosko Promociones (Id:1)

04/12/2014 03:35:23 p.m.;Kiosko Promociones descargados con exito (Id:1)

04/12/2014 03:35:28 p.m.;Descargando Kiosko Promociones Detalle (Id:1)(CodigoPromocion:1)

04/12/2014 03:35:29 p.m.;Descargando Kiosko Promociones Detalle (Id:1)(CodigoPromocion:2)

04/12/2014 03:35:30 p.m.;Descargando Kiosko Promociones Detalle (Id:1)(CodigoPromocion:3)

04/12/2014 03:35:30 p.m.;Kiosko Promocion Detalle (Id:1)(CodigoPromocion:1) descargado con exito.

04/12/2014 03:39:09 p.m.;Kiosko Promocion Detalle (Id:1)(CodigoPromocion:2) descargado con exito.

04/12/2014 03:39:09 p.m.;Kiosko Promocion Detalle (Id:1)(CodigoPromocion:3) descargado con exito.

04/12/2014 04:54:11 p.m.;Comenzando Agente de Sincronizacion (Id:1)

04/12/2014 04:54:11 p.m.;Descargando Usuarios (Id:1)

04/12/2014 04:54:11 p.m.;Descargando Ramos Comerciales (Id:1)

04/12/2014 04:54:35 p.m.;Ramos Comerciales descargados con exito (Id:1)

04/12/2014 04:54:35 p.m.;Usuarios descargados con exito (Id:1)

04/12/2014 04:54:35 p.m.;Descargando Entes Comerciales (Id:1)

04/12/2014 04:54:37 p.m.;Entes Comerciales descargados con exito (Id:1)

04/12/2014 04:54:37 p.m.;Descargando Kiosko Promociones (Id:1)

04/12/2014 04:54:38 p.m.;Kiosko Promociones descargados con exito (Id:1)

04/12/2014 04:54:39 p.m.;Descargando Kiosko Promociones Detalle (Id:1)(CodigoPromocion:1)

04/12/2014 04:54:39 p.m.;Descargando Kiosko Promociones Detalle (Id:1)(CodigoPromocion:2)

04/12/2014 04:54:39 p.m.;Descargando Kiosko Promociones Detalle (Id:1)(CodigoPromocion:3)

04/12/2014 04:54:40 p.m.;Kiosko Promocion Detalle (Id:1)(CodigoPromocion:2) descargado con exito.

04/12/2014 04:54:41 p.m.;Kiosko Promocion Detalle (Id:1)(CodigoPromocion:1) descargado con exito.

04/12/2014 04:54:51 p.m.;Kiosko Promocion Detalle (Id:1)(CodigoPromocion:3) descargado con exito.

04/12/2014 04:58:48 p.m.;Comenzando Agente de Sincronizacion (Id:1)

04/12/2014 04:58:48 p.m.;Descargando Usuarios (Id:1)

04/12/2014 04:58:48 p.m.;Descargando Ramos Comerciales (Id:1)

04/12/2014 04:58:49 p.m.;Usuarios descargados con exito (Id:1)

04/12/2014 04:58:49 p.m.;Ramos Comerciales descargados con exito (Id:1)

04/12/2014 04:58:49 p.m.;Descargando Entes Comerciales (Id:1)

04/12/2014 04:58:50 p.m.;Entes Comerciales descargados con exito (Id:1)

04/12/2014 04:58:50 p.m.;Descargando Kiosko Promociones (Id:1)

04/12/2014 04:58:51 p.m.;Kiosko Promociones descargados con exito (Id:1)

04/12/2014 04:58:51 p.m.;Descargando Kiosko Promociones Detalle (Id:1)(CodigoPromocion:1)

04/12/2014 04:58:51 p.m.;Descargando Kiosko Promociones Detalle (Id:1)(CodigoPromocion:2)

04/12/2014 04:58:51 p.m.;Descargando Kiosko Promociones Detalle (Id:1)(CodigoPromocion:3)

04/12/2014 04:58:52 p.m.;Kiosko Promocion Detalle (Id:1)(CodigoPromocion:2) descargado con exito.

04/12/2014 04:58:52 p.m.;Kiosko Promocion Detalle (Id:1)(CodigoPromocion:1) descargado con exito.

04/12/2014 04:58:56 p.m.;Kiosko Promocion Detalle (Id:1)(CodigoPromocion:3) descargado con exito.

04/12/2014 05:03:55 p.m.;Comenzando Agente de Sincronizacion (Id:1)

04/12/2014 05:03:55 p.m.;Descargando Usuarios (Id:1)

04/12/2014 05:03:55 p.m.;Descargando Ramos Comerciales (Id:1)

04/12/2014 05:03:56 p.m.;Usuarios descargados con exito (Id:1)

04/12/2014 05:03:56 p.m.;Ramos Comerciales descargados con exito (Id:1)

04/12/2014 05:03:56 p.m.;Descargando Entes Comerciales (Id:1)

04/12/2014 05:03:56 p.m.;Entes Comerciales descargados con exito (Id:1)

04/12/2014 05:03:56 p.m.;Descargando Kiosko Promociones (Id:1)

04/12/2014 05:03:57 p.m.;Kiosko Promociones descargados con exito (Id:1)

04/12/2014 05:03:57 p.m.;Descargando Kiosko Promociones Detalle (Id:1)(CodigoPromocion:1)

04/12/2014 05:03:57 p.m.;Descargando Kiosko Promociones Detalle (Id:1)(CodigoPromocion:2)

04/12/2014 05:03:57 p.m.;Descargando Kiosko Promociones Detalle (Id:1)(CodigoPromocion:3)

04/12/2014 05:03:57 p.m.;Kiosko Promocion Detalle (Id:1)(CodigoPromocion:2) descargado con exito.

04/12/2014 05:03:57 p.m.;Kiosko Promocion Detalle (Id:1)(CodigoPromocion:1) descargado con exito.

04/12/2014 05:03:57 p.m.;Kiosko Promocion Detalle (Id:1)(CodigoPromocion:3) descargado con exito.

04/12/2014 05:08:55 p.m.;Comenzando Agente de Sincronizacion (Id:2)

04/12/2014 05:08:55 p.m.;Descargando Usuarios (Id:2)

04/12/2014 05:08:55 p.m.;Descargando Ramos Comerciales (Id:2)

04/12/2014 05:08:59 p.m.;Usuarios descargados con exito (Id:2)

04/12/2014 05:08:59 p.m.;Ramos Comerciales descargados con exito (Id:2)

04/12/2014 05:08:59 p.m.;Descargando Entes Comerciales (Id:2)

04/12/2014 05:09:04 p.m.;Entes Comerciales descargados con exito (Id:2)

04/12/2014 05:09:04 p.m.;Descargando Kiosko Promociones (Id:2)

04/12/2014 05:09:06 p.m.;Kiosko Promociones descargados con exito (Id:2)

04/12/2014 05:09:06 p.m.;Descargando Kiosko Promociones Detalle (Id:2)(CodigoPromocion:1)

04/12/2014 05:09:06 p.m.;Descargando Kiosko Promociones Detalle (Id:2)(CodigoPromocion:2)

04/12/2014 05:09:06 p.m.;Descargando Kiosko Promociones Detalle (Id:2)(CodigoPromocion:3)

04/12/2014 05:09:08 p.m.;Kiosko Promocion Detalle (Id:2)(CodigoPromocion:2) descargado con exito.

04/12/2014 05:09:11 p.m.;Kiosko Promocion Detalle (Id:2)(CodigoPromocion:1) descargado con exito.

04/12/2014 05:09:12 p.m.;Kiosko Promocion Detalle (Id:2)(CodigoPromocion:3) descargado con exito.

04/12/2014 05:17:51 p.m.;Comenzando Agente de Sincronizacion (Id:1)

04/12/2014 05:17:51 p.m.;Descargando Usuarios (Id:1)

04/12/2014 05:17:51 p.m.;Descargando Ramos Comerciales (Id:1)

04/12/2014 05:17:52 p.m.;Usuarios descargados con exito (Id:1)

04/12/2014 05:17:52 p.m.;Ramos Comerciales descargados con exito (Id:1)

04/12/2014 05:17:52 p.m.;Descargando Entes Comerciales (Id:1)

04/12/2014 05:17:52 p.m.;Entes Comerciales descargados con exito (Id:1)

04/12/2014 05:17:52 p.m.;Descargando Kiosko Promociones (Id:1)

04/12/2014 05:17:52 p.m.;Kiosko Promociones descargados con exito (Id:1)

04/12/2014 05:17:52 p.m.;Descargando Kiosko Promociones Detalle (Id:1)(CodigoPromocion:1)

04/12/2014 05:17:52 p.m.;Descargando Kiosko Promociones Detalle (Id:1)(CodigoPromocion:2)

04/12/2014 05:17:52 p.m.;Descargando Kiosko Promociones Detalle (Id:1)(CodigoPromocion:3)

04/12/2014 05:17:52 p.m.;Kiosko Promocion Detalle (Id:1)(CodigoPromocion:2) descargado con exito.

04/12/2014 05:17:52 p.m.;Kiosko Promocion Detalle (Id:1)(CodigoPromocion:1) descargado con exito.

04/12/2014 05:17:53 p.m.;Kiosko Promocion Detalle (Id:1)(CodigoPromocion:3) descargado con exito.

04/12/2014 05:26:53 p.m.;Comenzando Agente de Sincronizacion (Id:1)

04/12/2014 05:26:53 p.m.;Descargando Usuarios (Id:1)

04/12/2014 05:26:53 p.m.;Descargando Ramos Comerciales (Id:1)

04/12/2014 05:26:54 p.m.;Usuarios descargados con exito (Id:1)

04/12/2014 05:26:54 p.m.;Ramos Comerciales descargados con exito (Id:1)

04/12/2014 05:26:54 p.m.;Descargando Entes Comerciales (Id:1)

04/12/2014 05:26:54 p.m.;Entes Comerciales descargados con exito (Id:1)

04/12/2014 05:26:54 p.m.;Descargando Kiosko Promociones (Id:1)

04/12/2014 05:26:54 p.m.;Kiosko Promociones descargados con exito (Id:1)

04/12/2014 05:26:54 p.m.;Descargando Kiosko Promociones Detalle (Id:1)(CodigoPromocion:1)

04/12/2014 05:26:54 p.m.;Descargando Kiosko Promociones Detalle (Id:1)(CodigoPromocion:2)

04/12/2014 05:26:54 p.m.;Descargando Kiosko Promociones Detalle (Id:1)(CodigoPromocion:3)

04/12/2014 05:26:55 p.m.;Kiosko Promocion Detalle (Id:1)(CodigoPromocion:2) descargado con exito.

04/12/2014 05:26:55 p.m.;Kiosko Promocion Detalle (Id:1)(CodigoPromocion:1) descargado con exito.

04/12/2014 05:26:55 p.m.;Kiosko Promocion Detalle (Id:1)(CodigoPromocion:3) descargado con exito.

